<?xml version="1.0" encoding="UTF-8"?>
<!-- Generated by org.testng.reporters.JUnitXMLReporter -->
<testsuite ignored="0" hostname="jyotiranjan-ltm.internal.salesforce.com" failures="0" tests="4" name="Default test" time="0.075" errors="0" timestamp="2020-09-09T23:17:02 IST">
  <testcase classname="nip.TestMaskPassword" name="testPasswordJson" time="0.035"/>
  <testcase classname="nip.TestMaskPassword" name="testPasswordPlusJson" time="0.001"/>
  <testcase classname="nip.TestMaskPassword" name="testNonPasswordJson" time="0.002"/>
  <testcase classname="nip.TestMaskPassword" name="testNullJson" time="0.001"/>
</testsuite> <!-- Default test -->
