<?xml version="1.0" encoding="UTF-8"?>
<testng-results ignored="0" total="4" passed="4" failed="0" skipped="0">
  <reporter-output>
  </reporter-output>
  <suite started-at="2020-09-09T23:17:02 IST" name="Default suite" finished-at="2020-09-09T23:17:02 IST" duration-ms="75">
    <groups>
    </groups>
    <test started-at="2020-09-09T23:17:02 IST" name="Default test" finished-at="2020-09-09T23:17:02 IST" duration-ms="75">
      <class name="nip.TestMaskPassword">
        <test-method is-config="true" signature="initStringsAndObjects()[pri:0, instance:nip.TestMaskPassword@780cb77]" started-at="2020-09-09T23:17:02 IST" name="initStringsAndObjects" finished-at="2020-09-09T23:17:02 IST" duration-ms="9" status="PASS">
          <reporter-output>
          </reporter-output>
        </test-method> <!-- initStringsAndObjects -->
        <test-method signature="testPasswordJson()[pri:1, instance:nip.TestMaskPassword@780cb77]" started-at="2020-09-09T23:17:02 IST" name="testPasswordJson" finished-at="2020-09-09T23:17:02 IST" duration-ms="35" status="PASS">
          <reporter-output>
          </reporter-output>
        </test-method> <!-- testPasswordJson -->
        <test-method signature="testPasswordPlusJson()[pri:2, instance:nip.TestMaskPassword@780cb77]" started-at="2020-09-09T23:17:02 IST" name="testPasswordPlusJson" finished-at="2020-09-09T23:17:02 IST" duration-ms="1" status="PASS">
          <reporter-output>
          </reporter-output>
        </test-method> <!-- testPasswordPlusJson -->
        <test-method signature="testNonPasswordJson()[pri:3, instance:nip.TestMaskPassword@780cb77]" started-at="2020-09-09T23:17:02 IST" name="testNonPasswordJson" finished-at="2020-09-09T23:17:02 IST" duration-ms="2" status="PASS">
          <reporter-output>
          </reporter-output>
        </test-method> <!-- testNonPasswordJson -->
        <test-method signature="testNullJson()[pri:4, instance:nip.TestMaskPassword@780cb77]" started-at="2020-09-09T23:17:02 IST" name="testNullJson" finished-at="2020-09-09T23:17:02 IST" duration-ms="1" status="PASS">
          <reporter-output>
          </reporter-output>
        </test-method> <!-- testNullJson -->
        <test-method is-config="true" signature="cleanup()[pri:0, instance:nip.TestMaskPassword@780cb77]" started-at="2020-09-09T23:17:02 IST" name="cleanup" finished-at="2020-09-09T23:17:02 IST" duration-ms="0" status="PASS">
          <reporter-output>
          </reporter-output>
        </test-method> <!-- cleanup -->
      </class> <!-- nip.TestMaskPassword -->
    </test> <!-- Default test -->
  </suite> <!-- Default suite -->
</testng-results>
